<?xml version="1.0" encoding="UTF-8"?>
<!-- Generated by org.testng.reporters.JUnitReportReporter -->
<testsuite hostname="Alekh" failures="0" tests="1" name="TestRunnerBlock.AddNewProject" time="46.626" errors="0" timestamp="2023-08-28T23:44:43 IST" skipped="0">
  <testcase classname="TestRunnerBlock.AddNewProject" name="runScenario" time="46.626"/>
</testsuite> <!-- TestRunnerBlock.AddNewProject -->
