<?xml version="1.0" encoding="UTF-8"?>
<!-- Generated by org.testng.reporters.JUnitReportReporter -->
<testsuite hostname="Alekh" failures="0" tests="7" name="TestRunnerBlock.Login" time="91.957" errors="0" timestamp="2023-08-05T00:45:21 IST" skipped="0">
  <testcase classname="TestRunnerBlock.Login" name="runScenario" time="11.689">
    <system-out>
      <![CDATA[Error Mesage Showing]]>
    </system-out>
  </testcase> <!-- runScenario -->
  <testcase classname="TestRunnerBlock.Login" name="runScenario" time="14.477">
    <system-out>
      <![CDATA[Error Mesage Showing]]>
    </system-out>
  </testcase> <!-- runScenario -->
  <testcase classname="TestRunnerBlock.Login" name="runScenario" time="11.343">
    <system-out>
      <![CDATA[Error Mesage Showing]]>
    </system-out>
  </testcase> <!-- runScenario -->
  <testcase classname="TestRunnerBlock.Login" name="runScenario" time="20.624">
    <system-out>
      <![CDATA[HomePageDisplayed
LoginPageDisplayed]]>
    </system-out>
  </testcase> <!-- runScenario -->
  <testcase classname="TestRunnerBlock.Login" name="runScenario" time="11.401">
    <system-out>
      <![CDATA[Error Mesage Showing]]>
    </system-out>
  </testcase> <!-- runScenario -->
  <testcase classname="TestRunnerBlock.Login" name="runScenario" time="11.197">
    <system-out>
      <![CDATA[Error Mesage Showing]]>
    </system-out>
  </testcase> <!-- runScenario -->
  <testcase classname="TestRunnerBlock.Login" name="runScenario" time="11.226">
    <system-out>
      <![CDATA[Error Mesage Showing]]>
    </system-out>
  </testcase> <!-- runScenario -->
  <system-out>
    <![CDATA[HomePageDisplayed
LoginPageDisplayed
Error Mesage Showing
Error Mesage Showing
Error Mesage Showing
Error Mesage Showing
Error Mesage Showing
Error Mesage Showing]]>
  </system-out>
</testsuite> <!-- TestRunnerBlock.Login -->
