<?xml version="1.0" encoding="UTF-8"?>
<!-- Generated by org.testng.reporters.JUnitReportReporter -->
<testsuite hostname="Alekh" failures="0" tests="4" name="TestRunnerBlock.LoginRunner" time="52.135" errors="0" timestamp="2023-08-25T16:24:23 IST" skipped="0">
  <testcase classname="TestRunnerBlock.LoginRunner" name="runScenario" time="11.623">
    <system-out>
      <![CDATA[Error Message Showing]]>
    </system-out>
  </testcase> <!-- runScenario -->
  <testcase classname="TestRunnerBlock.LoginRunner" name="runScenario" time="17.492">
    <system-out>
      <![CDATA[HomePage Showing]]>
    </system-out>
  </testcase> <!-- runScenario -->
  <testcase classname="TestRunnerBlock.LoginRunner" name="runScenario" time="12.079">
    <system-out>
      <![CDATA[Error Message Showing]]>
    </system-out>
  </testcase> <!-- runScenario -->
  <testcase classname="TestRunnerBlock.LoginRunner" name="runScenario" time="10.941">
    <system-out>
      <![CDATA[Error Message Showing]]>
    </system-out>
  </testcase> <!-- runScenario -->
  <system-out>
    <![CDATA[HomePage Showing
Error Message Showing
Error Message Showing
Error Message Showing]]>
  </system-out>
</testsuite> <!-- TestRunnerBlock.LoginRunner -->
