<?xml version="1.0" encoding="UTF-8"?>
<!-- Generated by org.testng.reporters.JUnitReportReporter -->
<testsuite hostname="Alekh" failures="0" tests="1" name="TestRunnerBlock.AddNewProject" time="33.062" errors="0" timestamp="2023-09-29T12:59:07 IST" skipped="0">
  <testcase classname="TestRunnerBlock.AddNewProject" name="runScenario" time="33.062"/>
  <system-out>
    <![CDATA[HomePage Showing
Error Message Showing
Error Message Showing
Error Message Showing]]>
  </system-out>
</testsuite> <!-- TestRunnerBlock.AddNewProject -->
