<?xml version="1.0" encoding="UTF-8"?>
<!-- Generated by org.testng.reporters.JUnitReportReporter -->
<testsuite hostname="Alekh" failures="0" tests="4" name="GenericLiabrary.BaseClass" time="23.818" errors="0" timestamp="2023-08-04T18:42:19 IST" skipped="0">
  <testcase classname="GenericLiabrary.BaseClass" name="openApp" time="16.543"/>
  <testcase classname="GenericLiabrary.BaseClass" name="loginActiTIme" time="0.374"/>
  <testcase classname="GenericLiabrary.BaseClass" name="logoutActiTime" time="6.736"/>
  <testcase classname="GenericLiabrary.BaseClass" name="closeApp" time="0.165"/>
</testsuite> <!-- GenericLiabrary.BaseClass -->
