<?xml version="1.0" encoding="UTF-8"?>
<!-- Generated by org.testng.reporters.JUnitReportReporter -->
<testsuite hostname="Alekh" failures="0" tests="2" name="TestRunnerBlock.AddNewCustomerRunner" time="80.684" errors="0" timestamp="2023-08-11T12:19:17 IST" skipped="0">
  <testcase classname="TestRunnerBlock.AddNewCustomerRunner" name="runScenario" time="43.683"/>
  <testcase classname="TestRunnerBlock.AddNewCustomerRunner" name="runScenario" time="37.001"/>
</testsuite> <!-- TestRunnerBlock.AddNewCustomerRunner -->
