<?xml version="1.0" encoding="UTF-8"?>
<!-- Generated by org.testng.reporters.JUnitReportReporter -->
<testsuite hostname="Alekh" failures="0" tests="1" name="TestRunnerBlock.AddNewCustomer" time="46.186" errors="0" timestamp="2023-09-02T14:21:36 IST" skipped="0">
  <testcase classname="TestRunnerBlock.AddNewCustomer" name="runScenario" time="46.186"/>
</testsuite> <!-- TestRunnerBlock.AddNewCustomer -->
