<?xml version="1.0" encoding="UTF-8"?>
<!-- Generated by org.testng.reporters.JUnitReportReporter -->
<testsuite hostname="Alekh" failures="0" tests="4" name="TestRunnerBlock.LoginRunner" time="63.404" errors="0" timestamp="2023-10-10T15:58:24 IST" skipped="0">
  <testcase classname="TestRunnerBlock.LoginRunner" name="runScenario" time="14.966"/>
  <system-out>
    <![CDATA[Error Message Showing]]>
  </system-out>
  <testcase classname="TestRunnerBlock.LoginRunner" name="runScenario" time="14.395"/>
  <system-out>
    <![CDATA[Error Message Showing]]>
  </system-out>
  <testcase classname="TestRunnerBlock.LoginRunner" name="runScenario" time="13.271"/>
  <system-out>
    <![CDATA[Error Message Showing]]>
  </system-out>
  <testcase classname="TestRunnerBlock.LoginRunner" name="runScenario" time="20.772"/>
  <system-out>
    <![CDATA[HomePage Showing]]>
  </system-out>
</testsuite> <!-- TestRunnerBlock.LoginRunner -->
