<?xml version="1.0" encoding="UTF-8"?>
<!-- Generated by org.testng.reporters.JUnitReportReporter -->
<testsuite hostname="Alekh" failures="0" tests="1" name="TestRunnerBlock.AddNewCustomer" time="35.804" errors="0" timestamp="2023-09-29T12:59:07 IST" skipped="0">
  <testcase classname="TestRunnerBlock.AddNewCustomer" name="runScenario" time="35.804"/>
  <system-out>
    <![CDATA[HomePage Showing
Error Message Showing
Error Message Showing
Error Message Showing]]>
  </system-out>
</testsuite> <!-- TestRunnerBlock.AddNewCustomer -->
