<?xml version="1.0" encoding="UTF-8"?>
<!-- Generated by org.testng.reporters.JUnitReportReporter -->
<testsuite hostname="Alekh" failures="0" tests="6" name="TestRunnerBlock.LoginRunner" time="120.345" errors="0" timestamp="2023-09-29T12:59:07 IST" skipped="0">
  <testcase classname="TestRunnerBlock.LoginRunner" name="runScenario" time="32.723"/>
  <testcase classname="TestRunnerBlock.LoginRunner" name="runScenario" time="11.300">
    <system-out>
      <![CDATA[Error Message Showing]]>
    </system-out>
  </testcase> <!-- runScenario -->
  <testcase classname="TestRunnerBlock.LoginRunner" name="runScenario" time="42.802"/>
  <testcase classname="TestRunnerBlock.LoginRunner" name="runScenario" time="13.130">
    <system-out>
      <![CDATA[HomePage Showing]]>
    </system-out>
  </testcase> <!-- runScenario -->
  <testcase classname="TestRunnerBlock.LoginRunner" name="runScenario" time="10.118">
    <system-out>
      <![CDATA[Error Message Showing]]>
    </system-out>
  </testcase> <!-- runScenario -->
  <testcase classname="TestRunnerBlock.LoginRunner" name="runScenario" time="10.272">
    <system-out>
      <![CDATA[Error Message Showing]]>
    </system-out>
  </testcase> <!-- runScenario -->
  <system-out>
    <![CDATA[HomePage Showing
Error Message Showing
Error Message Showing
Error Message Showing]]>
  </system-out>
</testsuite> <!-- TestRunnerBlock.LoginRunner -->
